[INFO  - 2016-01-19T02:04:31.976Z] GhostDriver - Main - running on port 50868
[INFO  - 2016-01-19T02:04:32.405Z] Session [fb1819f0-be50-11e5-8fcb-75a1cdf0f0f6] - page.settings - {"XSSAuditingEnabled":false,"javascriptCanCloseWindows":true,"javascriptCanOpenWindows":true,"javascriptEnabled":true,"loadImages":true,"localToRemoteUrlAccessEnabled":false,"userAgent":"Mozilla/5.0 (Macintosh; Intel Mac OS X) AppleWebKit/538.1 (KHTML, like Gecko) PhantomJS/2.0.0 Safari/538.1","webSecurityEnabled":true}
[INFO  - 2016-01-19T02:04:32.405Z] Session [fb1819f0-be50-11e5-8fcb-75a1cdf0f0f6] - page.customHeaders:  - {}
[INFO  - 2016-01-19T02:04:32.406Z] Session [fb1819f0-be50-11e5-8fcb-75a1cdf0f0f6] - Session.negotiatedCapabilities - {"browserName":"phantomjs","version":"2.0.0","driverName":"ghostdriver","driverVersion":"1.2.0","platform":"mac-10.9 (Mavericks)-64bit","javascriptEnabled":true,"takesScreenshot":true,"handlesAlerts":false,"databaseEnabled":false,"locationContextEnabled":false,"applicationCacheEnabled":false,"browserConnectionEnabled":false,"cssSelectorsEnabled":true,"webStorageEnabled":false,"rotatable":false,"acceptSslCerts":false,"nativeEvents":true,"proxy":{"proxyType":"direct"}}
[INFO  - 2016-01-19T02:04:32.406Z] SessionManagerReqHand - _postNewSessionCommand - New Session Created: fb1819f0-be50-11e5-8fcb-75a1cdf0f0f6
[ERROR - 2016-01-19T02:04:33.750Z] Session [fb1819f0-be50-11e5-8fcb-75a1cdf0f0f6] - page.onError - msg: TypeError: null is not an object ([INFO  - 2016-01-19T02:08:03.049Z] SessionManagerReqHand - _cleanupWindowlessSessions - Asynchronous Sessions clean-up phase starting NOW
[INFO  - 2016-01-19T02:13:03.059Z] SessionManagerReqHand - _cleanupWindowlessSessions - Asynchronous Sessions clean-up phase starting NOW
[INFO  - 2016-01-19T02:18:03.070Z] SessionManagerReqHand - _cleanupWindowlessSessions - Asynchronous Sessions clean-up phase starting NOW
[INFO  - 2016-01-19T02:23:03.080Z] SessionManagerReqHand - _cleanupWindowlessSessions - Asynchronous Sessions clean-up phase starting NOW
[INFO  - 2016-01-19T02:28:03.090Z] SessionManagerReqHand - _cleanupWindowlessSessions - Asynchronous Sessions clean-up phase starting NOW
[INFO  - 2016-01-19T02:33:03.100Z] SessionManagerReqHand - _cleanupWindowlessSessions - Asynchronous Sessions clean-up phase starting NOW
[INFO  - 2016-01-19T02:38:03.109Z] SessionManagerReqHand - _cleanupWindowlessSessions - Asynchronous Sessions clean-up phase starting NOW
[INFO  - 2016-01-19T02:43:03.120Z] SessionManagerReqHand - _cleanupWindowlessSessions - Asynchronous Sessions clean-up phase starting NOW
[INFO  - 2016-01-19T02:48:03.132Z] SessionManagerReqHand - _cleanupWindowlessSessions - Asynchronous Sessions clean-up phase starting NOW
[INFO  - 2016-01-19T02:53:03.143Z] SessionManagerReqHand - _cleanupWindowlessSessions - Asynchronous Sessions clean-up phase starting NOW
[INFO  - 2016-01-19T02:58:03.168Z] SessionManagerReqHand - _cleanupWindowlessSessions - Asynchronous Sessions clean-up phase starting NOW
[INFO  - 2016-01-19T03:11:16.566Z] SessionManagerReqHand - _cleanupWindowlessSessions - Asynchronous Sessions clean-up phase starting NOW
[INFO  - 2016-01-19T03:16:16.577Z] SessionManagerReqHand - _cleanupWindowlessSessions - Asynchronous Sessions clean-up phase starting NOW
[INFO  - 2016-01-19T03:21:16.586Z] SessionManagerReqHand - _cleanupWindowlessSessions - Asynchronous Sessions clean-up phase starting NOW
[INFO  - 2016-01-19T03:26:16.597Z] SessionManagerReqHand - _cleanupWindowlessSessions - Asynchronous Sessions clean-up phase starting NOW
[INFO  - 2016-01-19T03:31:16.608Z] SessionManagerReqHand - _cleanupWindowlessSessions - Asynchronous Sessions clean-up phase starting NOW
[INFO  - 2016-01-19T03:36:16.051Z] SessionManagerReqHand - _cleanupWindowlessSessions - Asynchronous Sessions clean-up phase starting NOW
[INFO  - 2016-01-19T03:41:16.057Z] SessionManagerReqHand - _cleanupWindowlessSessions - Asynchronous Sessions clean-up phase starting NOW
[INFO  - 2016-01-19T03:46:16.064Z] SessionManagerReqHand - _cleanupWindowlessSessions - Asynchronous Sessions clean-up phase starting NOW
[INFO  - 2016-01-19T03:51:16.072Z] SessionManagerReqHand - _cleanupWindowlessSessions - Asynchronous Sessions clean-up phase starting NOW
[INFO  - 2016-01-19T04:02:08.267Z] SessionManagerReqHand - _cleanupWindowlessSessions - Asynchronous Sessions clean-up phase starting NOW
[INFO  - 2016-01-19T04:07:08.275Z] SessionManagerReqHand - _cleanupWindowlessSessions - Asynchronous Sessions clean-up phase starting NOW
[INFO  - 2016-01-19T04:12:08.283Z] SessionManagerReqHand - _cleanupWindowlessSessions - Asynchronous Sessions clean-up phase starting NOW
[INFO  - 2016-01-19T04:17:08.290Z] SessionManagerReqHand - _cleanupWindowlessSessions - Asynchronous Sessions clean-up phase starting NOW
[INFO  - 2016-01-19T04:22:08.302Z] SessionManagerReqHand - _cleanupWindowlessSessions - Asynchronous Sessions clean-up phase starting NOW
[INFO  - 2016-01-19T04:27:08.322Z] SessionManagerReqHand - _cleanupWindowlessSessions - Asynchronous Sessions clean-up phase starting NOW
[INFO  - 2016-01-19T04:32:08.339Z] SessionManagerReqHand - _cleanupWindowlessSessions - Asynchronous Sessions clean-up phase starting NOW
[INFO  - 2016-01-19T04:37:08.356Z] SessionManagerReqHand - _cleanupWindowlessSessions - Asynchronous Sessions clean-up phase starting NOW
[INFO  - 2016-01-19T04:42:08.370Z] SessionManagerReqHand - _cleanupWindowlessSessions - Asynchronous Sessions clean-up phase starting NOW
[INFO  - 2016-01-19T04:47:08.386Z] SessionManagerReqHand - _cleanupWindowlessSessions - Asynchronous Sessions clean-up phase starting NOW
[INFO  - 2016-01-19T05:01:36.135Z] SessionManagerReqHand - _cleanupWindowlessSessions - Asynchronous Sessions clean-up phase starting NOW
[INFO  - 2016-01-19T05:06:36.151Z] SessionManagerReqHand - _cleanupWindowlessSessions - Asynchronous Sessions clean-up phase starting NOW
[INFO  - 2016-01-19T05:11:36.159Z] SessionManagerReqHand - _cleanupWindowlessSessions - Asynchronous Sessions clean-up phase starting NOW
[INFO  - 2016-01-19T05:16:36.168Z] SessionManagerReqHand - _cleanupWindowlessSessions - Asynchronous Sessions clean-up phase starting NOW
[INFO  - 2016-01-19T05:21:36.189Z] SessionManagerReqHand - _cleanupWindowlessSessions - Asynchronous Sessions clean-up phase starting NOW
[INFO  - 2016-01-19T05:26:36.196Z] SessionManagerReqHand - _cleanupWindowlessSessions - Asynchronous Sessions clean-up phase starting NOW
[INFO  - 2016-01-19T05:31:36.205Z] SessionManagerReqHand - _cleanupWindowlessSessions - Asynchronous Sessions clean-up phase starting NOW
[INFO  - 2016-01-19T05:36:36.213Z] SessionManagerReqHand - _cleanupWindowlessSessions - Asynchronous Sessions clean-up phase starting NOW
[INFO  - 2016-01-19T05:41:36.221Z] SessionManagerReqHand - _cleanupWindowlessSessions - Asynchronous Sessions clean-up phase starting NOW
[INFO  - 2016-01-19T05:46:36.229Z] SessionManagerReqHand - _cleanupWindowlessSessions - Asynchronous Sessions clean-up phase starting NOW
[INFO  - 2016-01-19T05:51:36.237Z] SessionManagerReqHand - _cleanupWindowlessSessions - Asynchronous Sessions clean-up phase starting NOW
[INFO  - 2016-01-19T05:56:36.245Z] SessionManagerReqHand - _cleanupWindowlessSessions - Asynchronous Sessions clean-up phase starting NOW
[INFO  - 2016-01-19T06:01:36.254Z] SessionManagerReqHand - _cleanupWindowlessSessions - Asynchronous Sessions clean-up phase starting NOW
[INFO  - 2016-01-19T06:06:36.262Z] SessionManagerReqHand - _cleanupWindowlessSessions - Asynchronous Sessions clean-up phase starting NOW
[INFO  - 2016-01-19T06:11:36.271Z] SessionManagerReqHand - _cleanupWindowlessSessions - Asynchronous Sessions clean-up phase starting NOW
[INFO  - 2016-01-19T06:16:36.281Z] SessionManagerReqHand - _cleanupWindowlessSessions - Asynchronous Sessions clean-up phase starting NOW
[INFO  - 2016-01-19T06:21:36.288Z] SessionManagerReqHand - _cleanupWindowlessSessions - Asynchronous Sessions clean-up phase starting NOW
[INFO  - 2016-01-19T06:26:36.297Z] SessionManagerReqHand - _cleanupWindowlessSessions - Asynchronous Sessions clean-up phase starting NOW
[INFO  - 2016-01-19T06:31:36.306Z] SessionManagerReqHand - _cleanupWindowlessSessions - Asynchronous Sessions clean-up phase starting NOW
[INFO  - 2016-01-19T06:36:36.317Z] SessionManagerReqHand - _cleanupWindowlessSessions - Asynchronous Sessions clean-up phase starting NOW
[INFO  - 2016-01-19T06:41:36.329Z] SessionManagerReqHand - _cleanupWindowlessSessions - Asynchronous Sessions clean-up phase starting NOW
[INFO  - 2016-01-19T06:46:36.350Z] SessionManagerReqHand - _cleanupWindowlessSessions - Asynchronous Sessions clean-up phase starting NOW
[INFO  - 2016-01-19T06:51:36.362Z] SessionManagerReqHand - _cleanupWindowlessSessions - Asynchronous Sessions clean-up phase starting NOW
[INFO  - 2016-01-19T06:56:36.373Z] SessionManagerReqHand - _cleanupWindowlessSessions - Asynchronous Sessions clean-up phase starting NOW
[INFO  - 2016-01-19T07:01:36.379Z] SessionManagerReqHand - _cleanupWindowlessSessions - Asynchronous Sessions clean-up phase starting NOW
[INFO  - 2016-01-19T07:06:36.390Z] SessionManagerReqHand - _cleanupWindowlessSessions - Asynchronous Sessions clean-up phase starting NOW
[INFO  - 2016-01-19T07:11:36.397Z] SessionManagerReqHand - _cleanupWindowlessSessions - Asynchronous Sessions clean-up phase starting NOW
[INFO  - 2016-01-19T07:16:36.406Z] SessionManagerReqHand - _cleanupWindowlessSessions - Asynchronous Sessions clean-up phase starting NOW
[INFO  - 2016-01-19T07:21:36.414Z] SessionManagerReqHand - _cleanupWindowlessSessions - Asynchronous Sessions clean-up phase starting NOW
[INFO  - 2016-01-19T07:26:36.423Z] SessionManagerReqHand - _cleanupWindowlessSessions - Asynchronous Sessions clean-up phase starting NOW
[INFO  - 2016-01-19T07:31:36.469Z] SessionManagerReqHand - _cleanupWindowlessSessions - Asynchronous Sessions clean-up phase starting NOW
[INFO  - 2016-01-19T07:36:36.440Z] SessionManagerReqHand - _cleanupWindowlessSessions - Asynchronous Sessions clean-up phase starting NOW
[INFO  - 2016-01-19T07:41:36.450Z] SessionManagerReqHand - _cleanupWindowlessSessions - Asynchronous Sessions clean-up phase starting NOW
[INFO  - 2016-01-19T07:46:36.458Z] SessionManagerReqHand - _cleanupWindowlessSessions - Asynchronous Sessions clean-up phase starting NOW
[INFO  - 2016-01-19T07:51:36.465Z] SessionManagerReqHand - _cleanupWindowlessSessions - Asynchronous Sessions clean-up phase starting NOW
[INFO  - 2016-01-19T07:56:36.474Z] SessionManagerReqHand - _cleanupWindowlessSessions - Asynchronous Sessions clean-up phase starting NOW
[INFO  - 2016-01-19T08:01:36.483Z] SessionManagerReqHand - _cleanupWindowlessSessions - Asynchronous Sessions clean-up phase starting NOW
[INFO  - 2016-01-19T08:06:36.491Z] SessionManagerReqHand - _cleanupWindowlessSessions - Asynchronous Sessions clean-up phase starting NOW
[INFO  - 2016-01-19T08:11:36.501Z] SessionManagerReqHand - _cleanupWindowlessSessions - Asynchronous Sessions clean-up phase starting NOW
[INFO  - 2016-01-19T08:16:36.509Z] SessionManagerReqHand - _cleanupWindowlessSessions - Asynchronous Sessions clean-up phase starting NOW
[INFO  - 2016-01-19T08:21:36.517Z] SessionManagerReqHand - _cleanupWindowlessSessions - Asynchronous Sessions clean-up phase starting NOW
[INFO  - 2016-01-19T08:26:36.529Z] SessionManagerReqHand - _cleanupWindowlessSessions - Asynchronous Sessions clean-up phase starting NOW
[INFO  - 2016-01-19T08:31:36.538Z] SessionManagerReqHand - _cleanupWindowlessSessions - Asynchronous Sessions clean-up phase starting NOW
[INFO  - 2016-01-19T08:36:36.559Z] SessionManagerReqHand - _cleanupWindowlessSessions - Asynchronous Sessions clean-up phase starting NOW
[INFO  - 2016-01-19T08:41:36.569Z] SessionManagerReqHand - _cleanupWindowlessSessions - Asynchronous Sessions clean-up phase starting NOW
[INFO  - 2016-01-19T08:46:36.579Z] SessionManagerReqHand - _cleanupWindowlessSessions - Asynchronous Sessions clean-up phase starting NOW
[INFO  - 2016-01-19T08:51:36.591Z] SessionManagerReqHand - _cleanupWindowlessSessions - Asynchronous Sessions clean-up phase starting NOW
[INFO  - 2016-01-19T08:56:36.602Z] SessionManagerReqHand - _cleanupWindowlessSessions - Asynchronous Sessions clean-up phase starting NOW
[INFO  - 2016-01-19T09:01:36.612Z] SessionManagerReqHand - _cleanupWindowlessSessions - Asynchronous Sessions clean-up phase starting NOW
[INFO  - 2016-01-19T09:06:36.624Z] SessionManagerReqHand - _cleanupWindowlessSessions - Asynchronous Sessions clean-up phase starting NOW
[INFO  - 2016-01-19T09:11:36.638Z] SessionManagerReqHand - _cleanupWindowlessSessions - Asynchronous Sessions clean-up phase starting NOW
[INFO  - 2016-01-19T09:16:36.652Z] SessionManagerReqHand - _cleanupWindowlessSessions - Asynchronous Sessions clean-up phase starting NOW
[INFO  - 2016-01-19T09:21:36.669Z] SessionManagerReqHand - _cleanupWindowlessSessions - Asynchronous Sessions clean-up phase starting NOW
[INFO  - 2016-01-19T09:31:12.970Z] SessionManagerReqHand - _cleanupWindowlessSessions - Asynchronous Sessions clean-up phase starting NOW
[INFO  - 2016-01-19T09:36:12.983Z] SessionManagerReqHand - _cleanupWindowlessSessions - Asynchronous Sessions clean-up phase starting NOW
[INFO  - 2016-01-19T09:52:20.289Z] SessionManagerReqHand - _cleanupWindowlessSessions - Asynchronous Sessions clean-up phase starting NOW
[INFO  - 2016-01-19T09:57:20.300Z] SessionManagerReqHand - _cleanupWindowlessSessions - Asynchronous Sessions clean-up phase starting NOW
[INFO  - 2016-01-19T10:02:20.313Z] SessionManagerReqHand - _cleanupWindowlessSessions - Asynchronous Sessions clean-up phase starting NOW
[INFO  - 2016-01-19T10:07:20.324Z] SessionManagerReqHand - _cleanupWindowlessSessions - Asynchronous Sessions clean-up phase starting NOW
[INFO  - 2016-01-19T10:12:20.356Z] SessionManagerReqHand - _cleanupWindowlessSessions - Asynchronous Sessions clean-up phase starting NOW
[INFO  - 2016-01-19T10:17:20.361Z] SessionManagerReqHand - _cleanupWindowlessSessions - Asynchronous Sessions clean-up phase starting NOW
[INFO  - 2016-01-19T10:22:20.369Z] SessionManagerReqHand - _cleanupWindowlessSessions - Asynchronous Sessions clean-up phase starting NOW
[INFO  - 2016-01-19T10:33:19.710Z] SessionManagerReqHand - _cleanupWindowlessSessions - Asynchronous Sessions clean-up phase starting NOW
[INFO  - 2016-01-19T10:38:19.964Z] SessionManagerReqHand - _cleanupWindowlessSessions - Asynchronous Sessions clean-up phase starting NOW
[INFO  - 2016-01-19T10:43:48.449Z] SessionManagerReqHand - _cleanupWindowlessSessions - Asynchronous Sessions clean-up phase starting NOW
[INFO  - 2016-01-19T10:48:48.680Z] SessionManagerReqHand - _cleanupWindowlessSessions - Asynchronous Sessions clean-up phase starting NOW
[INFO  - 2016-01-19T10:53:48.689Z] SessionManagerReqHand - _cleanupWindowlessSessions - Asynchronous Sessions clean-up phase starting NOW
[INFO  - 2016-01-19T10:58:48.697Z] SessionManagerReqHand - _cleanupWindowlessSessions - Asynchronous Sessions clean-up phase starting NOW
[INFO  - 2016-01-19T11:03:48.705Z] SessionManagerReqHand - _cleanupWindowlessSessions - Asynchronous Sessions clean-up phase starting NOW
[INFO  - 2016-01-19T11:08:48.714Z] SessionManagerReqHand - _cleanupWindowlessSessions - Asynchronous Sessions clean-up phase starting NOW
[INFO  - 2016-01-19T11:13:48.724Z] SessionManagerReqHand - _cleanupWindowlessSessions - Asynchronous Sessions clean-up phase starting NOW
[INFO  - 2016-01-19T11:18:48.732Z] SessionManagerReqHand - _cleanupWindowlessSessions - Asynchronous Sessions clean-up phase starting NOW
[INFO  - 2016-01-19T12:31:14.757Z] SessionManagerReqHand - _cleanupWindowlessSessions - Asynchronous Sessions clean-up phase starting NOW
[INFO  - 2016-01-19T12:52:41.272Z] SessionManagerReqHand - _cleanupWindowlessSessions - Asynchronous Sessions clean-up phase starting NOW
[INFO  - 2016-01-19T12:57:41.282Z] SessionManagerReqHand - _cleanupWindowlessSessions - Asynchronous Sessions clean-up phase starting NOW
[INFO  - 2016-01-19T13:02:41.292Z] SessionManagerReqHand - _cleanupWindowlessSessions - Asynchronous Sessions clean-up phase starting NOW
[INFO  - 2016-01-19T13:07:41.299Z] SessionManagerReqHand - _cleanupWindowlessSessions - Asynchronous Sessions clean-up phase starting NOW
[INFO  - 2016-01-19T13:12:41.307Z] SessionManagerReqHand - _cleanupWindowlessSessions - Asynchronous Sessions clean-up phase starting NOW
[INFO  - 2016-01-19T13:17:41.315Z] SessionManagerReqHand - _cleanupWindowlessSessions - Asynchronous Sessions clean-up phase starting NOW
[INFO  - 2016-01-19T13:31:46.387Z] SessionManagerReqHand - _cleanupWindowlessSessions - Asynchronous Sessions clean-up phase starting NOW
[INFO  - 2016-01-19T13:36:47.508Z] SessionManagerReqHand - _cleanupWindowlessSessions - Asynchronous Sessions clean-up phase starting NOW
[INFO  - 2016-01-19T13:41:47.517Z] SessionManagerReqHand - _cleanupWindowlessSessions - Asynchronous Sessions clean-up phase starting NOW
[INFO  - 2016-01-19T13:46:47.525Z] SessionManagerReqHand - _cleanupWindowlessSessions - Asynchronous Sessions clean-up phase starting NOW
[INFO  - 2016-01-19T13:51:47.533Z] SessionManagerReqHand - _cleanupWindowlessSessions - Asynchronous Sessions clean-up phase starting NOW
[INFO  - 2016-01-19T13:56:47.540Z] SessionManagerReqHand - _cleanupWindowlessSessions - Asynchronous Sessions clean-up phase starting NOW
[INFO  - 2016-01-19T14:01:47.550Z] SessionManagerReqHand - _cleanupWindowlessSessions - Asynchronous Sessions clean-up phase starting NOW
[INFO  - 2016-01-19T18:40:43.743Z] SessionManagerReqHand - _cleanupWindowlessSessions - Asynchronous Sessions clean-up phase starting NOW
[INFO  - 2016-01-19T23:52:13.239Z] SessionManagerReqHand - _cleanupWindowlessSessions - Asynchronous Sessions clean-up phase starting NOW
[INFO  - 2016-01-19T23:57:13.248Z] SessionManagerReqHand - _cleanupWindowlessSessions - Asynchronous Sessions clean-up phase starting NOW
[INFO  - 2016-01-19T23:52:13.059Z] SessionManagerReqHand - _cleanupWindowlessSessions - Asynchronous Sessions clean-up phase starting NOW
[INFO  - 2016-01-19T23:57:13.066Z] SessionManagerReqHand - _cleanupWindowlessSessions - Asynchronous Sessions clean-up phase starting NOW
[INFO  - 2016-01-20T00:00:14.025Z] SessionManagerReqHand - _cleanupWindowlessSessions - Asynchronous Sessions clean-up phase starting NOW
ting NOW
[INFO  - 2016-01-19T09:07:08.602Z] SessionManagerReqHand - _cleanupWindowlessSessions - Asynchronous Sessions clean-up phase starting NOW
[INFO  - 2016-01-19T09:12:08.614Z] SessionManagerReqHand - _cleanupWindowlessSessions - Asynchronous Sessions clean-up phase starting NOW
[INFO  - 2016-01-19T09:17:08.629Z] SessionManagerReqHand - _cleanupWindowlessSessions - Asynchronous Sessions clean-up phase starting NOW
[INFO  - 2016-01-19T09:22:08.643Z] SessionManagerReqHand - _cleanupWindowlessSessions - Asynchronous Sessions clean-up phase starting NOW
[INFO  - 2016-01-19T09:31:44.945Z] SessionManagerReqHand - _cleanupWindowlessSessions - Asynchronous Sessions clean-up phase starting NOW
[INFO  - 2016-01-19T09:36:44.958Z] SessionManagerReqHand - _cleanupWindowlessSessions - Asynchronous Sessions clean-up phase starting NOW
[INFO  - 2016-01-19T09:52:52.264Z] SessionManagerReqHand - _cleanupWindowlessSessions - Asynchronous Sessions clean-up phase starting NOW
[INFO  - 2016-01-19T09:57:52.276Z] SessionManagerReqHand - _cleanupWindowlessSessions - Asynchronous Sessions clean-up phase starting NOW
[INFO  - 2016-01-19T10:02:52.289Z] SessionManagerReqHand - _cleanupWindowlessSessions - Asynchronous Sessions clean-up phase starting NOW
[INFO  - 2016-01-19T10:07:52.303Z] SessionManagerReqHand - _cleanupWindowlessSessions - Asynchronous Sessions clean-up phase starting NOW
[INFO  - 2016-01-19T10:12:52.313Z] SessionManagerReqHand - _cleanupWindowlessSessions - Asynchronous Sessions clean-up phase starting NOW
[INFO  - 2016-01-19T10:17:52.318Z] SessionManagerReqHand - _cleanupWindowlessSessions - Asynchronous Sessions clean-up phase starting NOW
[INFO  - 2016-01-19T10:22:52.325Z] SessionManagerReqHand - _cleanupWindowlessSessions - Asynchronous Sessions clean-up phase starting NOW
[INFO  - 2016-01-19T10:33:51.915Z] SessionManagerReqHand - _cleanupWindowlessSessions - Asynchronous Sessions clean-up phase starting NOW
[INFO  - 2016-01-19T10:38:51.923Z] SessionManagerReqHand - _cleanupWindowlessSessions - Asynchronous Sessions clean-up phase starting NOW
[INFO  - 2016-01-19T10:44:20.408Z] SessionManagerReqHand - _cleanupWindowlessSessions - Asynchronous Sessions clean-up phase starting NOW
[INFO  - 2016-01-19T10:49:20.654Z] SessionManagerReqHand - _cleanupWindowlessSessions - Asynchronous Sessions clean-up phase starting NOW
[INFO  - 2016-01-19T10:54:20.663Z] SessionManagerReqHand - _cleanupWindowlessSessions - Asynchronous Sessions clean-up phase starting NOW
[INFO  - 2016-01-19T10:59:20.671Z] SessionManagerReqHand - _cleanupWindowlessSessions - Asynchronous Sessions clean-up phase starting NOW
[INFO  - 2016-01-19T11:04:20.682Z] SessionManagerReqHand - _cleanupWindowlessSessions - Asynchronous Sessions clean-up phase starting NOW
[INFO  - 2016-01-19T11:09:20.691Z] SessionManagerReqHand - _cleanupWindowlessSessions - Asynchronous Sessions clean-up phase starting NOW
[INFO  - 2016-01-19T11:14:20.700Z] SessionManagerReqHand - _cleanupWindowlessSessions - Asynchronous Sessions clean-up phase starting NOW
[INFO  - 2016-01-19T11:19:20.707Z] SessionManagerReqHand - _cleanupWindowlessSessions - Asynchronous Sessions clean-up phase starting NOW
[INFO  - 2016-01-19T12:48:13.223Z] SessionManagerReqHand - _cleanupWindowlessSessions - Asynchronous Sessions clean-up phase starting NOW
[INFO  - 2016-01-19T12:53:13.232Z] SessionManagerReqHand - _cleanupWindowlessSessions - Asynchronous Sessions clean-up phase starting NOW
[INFO  - 2016-01-19T12:58:13.240Z] SessionManagerReqHand - _cleanupWindowlessSessions - Asynchronous Sessions clean-up phase starting NOW
[INFO  - 2016-01-19T13:03:13.254Z] SessionManagerReqHand - _cleanupWindowlessSessions - Asynchronous Sessions clean-up phase starting NOW
[INFO  - 2016-01-19T13:08:13.275Z] SessionManagerReqHand - _cleanupWindowlessSessions - Asynchronous Sessions clean-up phase starting NOW
[INFO  - 2016-01-19T13:13:13.283Z] SessionManagerReqHand - _cleanupWindowlessSessions - Asynchronous Sessions clean-up phase starting NOW
[INFO  - 2016-01-19T13:18:13.291Z] SessionManagerReqHand - _cleanupWindowlessSessions - Asynchronous Sessions clean-up phase starting NOW
[INFO  - 2016-01-19T13:32:18.352Z] SessionManagerReqHand - _cleanupWindowlessSessions - Asynchronous Sessions clean-up phase starting NOW
[INFO  - 2016-01-19T13:37:19.460Z] SessionManagerReqHand - _cleanupWindowlessSessions - Asynchronous Sessions clean-up phase starting NOW
[INFO  - 2016-01-19T13:42:19.468Z] SessionManagerReqHand - _cleanupWindowlessSessions - Asynchronous Sessions clean-up phase starting NOW
[INFO  - 2016-01-19T13:47:19.479Z] SessionManagerReqHand - _cleanupWindowlessSessions - Asynchronous Sessions clean-up phase starting NOW
[INFO  - 2016-01-19T13:52:19.487Z] SessionManagerReqHand - _cleanupWindowlessSessions - Asynchronous Sessions clean-up phase starting NOW
[INFO  - 2016-01-19T13:57:19.497Z] SessionManagerReqHand - _cleanupWindowlessSessions - Asynchronous Sessions clean-up phase starting NOW
[INFO  - 2016-01-19T14:02:19.507Z] SessionManagerReqHand - _cleanupWindowlessSessions - Asynchronous Sessions clean-up phase starting NOW
[INFO  - 2016-01-19T18:40:57.771Z] SessionManagerReqHand - _cleanupWindowlessSessions - Asynchronous Sessions clean-up phase starting NOW
[INFO  - 2016-01-19T23:52:27.284Z] SessionManagerReqHand - _cleanupWindowlessSessions - Asynchronous Sessions clean-up phase starting NOW
[INFO  - 2016-01-19T23:57:27.292Z] SessionManagerReqHand - _cleanupWindowlessSessions - Asynchronous Sessions clean-up phase starting NOW
Z] Session [51130410-be50-11e5-bd8e-f992d263992f] - page.onError - stack:
  Agent (http://nv1.tveta.naver.net/libs/assets/js/min/it.min.js?20160113:1)
  initAd (http://nv1.veta.naver.com/dr?unit=002AN&nrefreshx=1:84)
  onload (http://nv1.veta.naver.com/dr?unit=002AN&nrefreshx=1:59)

  :262 in error
[INFO  - 2016-01-19T05:48:19.669Z] SessionManagerReqHand - _cleanupWindowlessSessions - Asynchronous Sessions clean-up phase starting NOW
[INFO  - 2016-01-19T05:53:19.690Z] SessionManagerReqHand - _cleanupWindowlessSessions - Asynchronous Sessions clean-up phase starting NOW
[ERROR - 2016-01-19T05:53:48.017Z] Session [51130410-be50-11e5-bd8e-f992d263992f] - page.onError - msg: TypeError: null is not an object (evaluating 'b.match(/Mac OS X ((\d+_?){2,3})/i)[1]')

  :262 in error
[ERROR - 2016-01-19T05:53:48.017Z] Session [51130410-be50-11e5-bd8e-f992d263992f] - page.onError - stack:
  Agent (http://nv1.tveta.naver.net/libs/assets/js/min/it.min.js?20160113:1)
  initAd (http://nv1.veta.naver.com/dr?unit=002AN&nrefreshx=1:84)
  onload (http://nv1.veta.naver.com/dr?unit=002AN&nrefreshx=1:59)

  :262 in error
[ERROR - 2016-01-19T05:53:48.018Z] Session [51130410-be50-11e5-bd8e-f992d263992f] - page.onError - msg: TypeError: null is not an object (evaluating 'b.match(/Mac OS X ((\d+_?){2,3})/i)[1]')

  :262 in error
[ERROR - 2016-01-19T05:53:48.018Z] Session [51130410-be50-11e5-bd8e-f992d263992f] - page.onError - stack:
  Agent (http://nv2.tveta.naver.net/libs/assets/js/min/it.min.js?20160113:1)
  initAd (http://nv2.veta.naver.com/dr?unit=002AP&nrefreshx=1:64)
  onload (http://nv2.veta.naver.com/dr?unit=002AP&nrefreshx=1:51)

  :262 in error
[INFO  - 2016-01-19T05:58:19.699Z] SessionManagerReqHand - _cleanupWindowlessSessions - Asynchronous Sessions clean-up phase starting NOW
[INFO  - 2016-01-19T06:03:19.707Z] SessionManagerReqHand - _cleanupWindowlessSessions - Asynchronous Sessions clean-up phase starting NOW
[ERROR - 2016-01-19T06:03:49.177Z] Session [51130410-be50-11e5-bd8e-f992d263992f] - page.onError - msg: TypeError: null is not an object (evaluating 'b.match(/Mac OS X ((\d+_?){2,3})/i)[1]')

  :262 in error
[ERROR - 2016-01-19T06:03:49.177Z] Session [51130410-be50-11e5-bd8e-f992d263992f] - page.onError - stack:
  Agent (http://nv1.tveta.naver.net/libs/assets/js/min/it.min.js?20160113:1)
  initAd (http://nv1.veta.naver.com/dr?unit=002AN&nrefreshx=1:90)
  onload (http://nv1.veta.naver.com/dr?unit=002AN&nrefreshx=1:60)

  :262 in error
[ERROR - 2016-01-19T06:03:49.179Z] Session [51130410-be50-11e5-bd8e-f992d263992f] - page.onError - msg: TypeError: null is not an object (evaluating 'b.match(/Mac OS X ((\d+_?){2,3})/i)[1]')

  :262 in error
[ERROR - 2016-01-19T06:03:49.179Z] Session [51130410-be50-11e5-bd8e-f992d263992f] - page.onError - stack:
  Agent (http://nv2.tveta.naver.net/libs/assets/js/min/it.min.js?20160113:1)
  initAd (http://nv2.veta.naver.com/dr?unit=002AP&nrefreshx=1:127)
  onload (http://nv2.veta.naver.com/dr?unit=002AP&nrefreshx=1:72)

  :262 in error
[INFO  - 2016-01-19T06:08:19.716Z] SessionManagerReqHand - _cleanupWindowlessSessions - Asynchronous Sessions clean-up phase starting NOW
[INFO  - 2016-01-19T06:13:19.724Z] SessionManagerReqHand - _cleanupWindowlessSessions - Asynchronous Sessions clean-up phase starting NOW
[ERROR - 2016-01-19T06:13:50.374Z] Session [51130410-be50-11e5-bd8e-f992d263992f] - page.onError - msg: TypeError: null is not an object (evaluating 'b.match(/Mac OS X ((\d+_?){2,3})/i)[1]')

  :262 in error
[ERROR - 2016-01-19T06:13:50.374Z] Session [51130410-be50-11e5-bd8e-f992d263992f] - page.onError - stack:
  Agent (http://nv1.tveta.naver.net/libs/assets/js/min/it.min.js?20160113:1)
  initAd (http://nv1.veta.naver.com/dr?unit=002AN&nrefreshx=1:90)
  onload (http://nv1.veta.naver.com/dr?unit=002AN&nrefreshx=1:60)

  :262 in error
[INFO  - 2016-01-19T06:18:19.732Z] SessionManagerReqHand - _cleanupWindowlessSessions - Asynchronous Sessions clean-up phase starting NOW
[INFO  - 2016-01-19T06:23:19.740Z] SessionManagerReqHand - _cleanupWindowlessSessions - Asynchronous Sessions clean-up phase starting NOW
[ERROR - 2016-01-19T06:23:51.870Z] Session [51130410-be50-11e5-bd8e-f992d263992f] - page.onError - msg: TypeError: null is not an object (evaluating 'b.match(/Mac OS X ((\d+_?){2,3})/i)[1]')

  :262 in error
[ERROR - 2016-01-19T06:23:51.870Z] Session [51130410-be50-11e5-bd8e-f992d263992f] - page.onError - stack:
  Agent (http://nv1.tveta.naver.net/libs/assets/js/min/it.min.js?20160113:1)
  initAd (http://nv1.veta.naver.com/dr?unit=002AN&nrefreshx=1:90)
  onload (http://nv1.veta.naver.com/dr?unit=002AN&nrefreshx=1:60)

  :262 in error
[ERROR - 2016-01-19T06:23:52.029Z] Session [51130410-be50-11e5-bd8e-f992d263992f] - page.onError - msg: TypeError: null is not an object (evaluating 'b.match(/Mac OS X ((\d+_?){2,3})/i)[1]')

  :262 in error
[ERROR - 2016-01-19T06:23:52.030Z] Session [51130410-be50-11e5-bd8e-f992d263992f] - page.onError - stack:
  Agent (http://nv2.tveta.naver.net/libs/assets/js/min/it.min.js?20160113:1)
  initAd (http://nv2.veta.naver.com/dr?unit=002AP&nrefreshx=1:64)
  onload (http://nv2.veta.naver.com/dr?unit=002AP&nrefreshx=1:51)

  :262 in error
[INFO  - 2016-01-19T06:28:19.750Z] SessionManagerReqHand - _cleanupWindowlessSessions - Asynchronous Sessions clean-up phase starting NOW
[INFO  - 2016-01-19T06:33:19.757Z] SessionManagerReqHand - _cleanupWindowlessSessions - Asynchronous Sessions clean-up phase starting NOW
[ERROR - 2016-01-19T06:33:53.329Z] Session [51130410-be50-11e5-bd8e-f992d263992f] - page.onError - msg: TypeError: null is not an object (evaluating 'b.match(/Mac OS X ((\d+_?){2,3})/i)[1]')

  :262 in error
[ERROR - 2016-01-19T06:33:53.330Z] Session [51130410-be50-11e5-bd8e-f992d263992f] - page.onError - stack:
  Agent (http://nv1.tveta.naver.net/libs/assets/js/min/it.min.js?20160113:1)
  initAd (http://nv1.veta.naver.com/dr?unit=002AN&nrefreshx=1:90)
  onload (http://nv1.veta.naver.com/dr?unit=002AN&nrefreshx=1:60)

  :262 in error
[ERROR - 2016-01-19T06:33:53.367Z] Session [51130410-be50-11e5-bd8e-f992d263992f] - page.onError - msg: TypeError: null is not an object (evaluating 'b.match(/Mac OS X ((\d+_?){2,3})/i)[1]')

  :262 in error
[ERROR - 2016-01-19T06:33:53.367Z] Session [51130410-be50-11e5-bd8e-f992d263992f] - page.onError - stack:
  Agent (http://nv2.tveta.naver.net/libs/assets/js/min/it.min.js?20160113:1)
  initAd (http://nv2.veta.naver.com/dr?unit=002AP&nrefreshx=1:64)
  onload (http://nv2.veta.naver.com/dr?unit=002AP&nrefreshx=1:51)

  :262 in error
[INFO  - 2016-01-19T06:38:19.767Z] SessionManagerReqHand - _cleanupWindowlessSessions - Asynchronous Sessions clean-up phase starting NOW
[INFO  - 2016-01-19T06:43:19.778Z] SessionManagerReqHand - _cleanupWindowlessSessions - Asynchronous Sessions clean-up phase starting NOW
[ERROR - 2016-01-19T06:43:54.586Z] Session [51130410-be50-11e5-bd8e-f992d263992f] - page.onError - msg: TypeError: null is not an object (evaluating 'b.match(/Mac OS X ((\d+_?){2,3})/i)[1]')

  :262 in error
[ERROR - 2016-01-19T06:43:54.587Z] Session [51130410-be50-11e5-bd8e-f992d263992f] - page.onError - stack:
  Agent (http://nv1.tveta.naver.net/libs/assets/js/min/it.min.js?20160113:1)
  initAd (http://nv1.veta.naver.com/dr?unit=002AN&nrefreshx=1:90)
  onload (http://nv1.veta.naver.com/dr?unit=002AN&nrefreshx=1:60)

  :262 in error
[ERROR - 2016-01-19T06:43:54.634Z] Session [51130410-be50-11e5-bd8e-f992d263992f] - page.onError - msg: TypeError: null is not an object (evaluating 'b.match(/Mac OS X ((\d+_?){2,3})/i)[1]')

  :262 in error
[ERROR - 2016-01-19T06:43:54.634Z] Session [51130410-be50-11e5-bd8e-f992d263992f] - page.onError - stack:
  Agent (http://nv2.tveta.naver.net/libs/assets/js/min/it.min.js?20160113:1)
  initAd (http://nv2.veta.naver.com/dr?unit=002AP&nrefreshx=1:64)
  onload (http://nv2.veta.naver.com/dr?unit=002AP&nrefreshx=1:51)

  :262 in error
[INFO  - 2016-01-19T06:48:19.789Z] SessionManagerReqHand - _cleanupWindowlessSessions - Asynchronous Sessions clean-up phase starting NOW
[INFO  - 2016-01-19T06:53:19.798Z] SessionManagerReqHand - _cleanupWindowlessSessions - Asynchronous Sessions clean-up phase starting NOW
[ERROR - 2016-01-19T06:53:55.949Z] Session [51130410-be50-11e5-bd8e-f992d263992f] - page.onError - msg: TypeError: null is not an object (evaluating 'b.match(/Mac OS X ((\d+_?){2,3})/i)[1]')

  :262 in error
[ERROR - 2016-01-19T06:53:55.950Z] Session [51130410-be50-11e5-bd8e-f992d263992f] - page.onError - stack:
  Agent (http://nv1.tveta.naver.net/libs/assets/js/min/it.min.js?20160113:1)
  initAd (http://nv1.veta.naver.com/dr?unit=002AN&nrefreshx=1:90)
  onload (http://nv1.veta.naver.com/dr?unit=002AN&nrefreshx=1:60)

  :262 in error
[INFO  - 2016-01-19T06:58:19.808Z] SessionManagerReqHand - _cleanupWindowlessSessions - Asynchronous Sessions clean-up phase starting NOW
[INFO  - 2016-01-19T07:03:19.820Z] SessionManagerReqHand - _cleanupWindowlessSessions - Asynchronous Sessions clean-up phase starting NOW
[ERROR - 2016-01-19T07:03:57.292Z] Session [51130410-be50-11e5-bd8e-f992d263992f] - page.onError - msg: TypeError: null is not an object (evaluating 'b.match(/Mac OS X ((\d+_?){2,3})/i)[1]')

  :262 in error
[ERROR - 2016-01-19T07:03:57.294Z] Session [51130410-be50-11e5-bd8e-f992d263992f] - page.onError - stack:
  Agent (http://nv1.tveta.naver.net/libs/assets/js/min/it.min.js?20160113:1)
  initAd (http://nv1.veta.naver.com/dr?unit=002AN&nrefreshx=1:84)
  onload (http://nv1.veta.naver.com/dr?unit=002AN&nrefreshx=1:59)

  :262 in error
[ERROR - 2016-01-19T07:03:57.295Z] Session [51130410-be50-11e5-bd8e-f992d263992f] - page.onError - msg: TypeError: null is not an object (evaluating 'b.match(/Mac OS X ((\d+_?){2,3})/i)[1]')

  :262 in error
[ERROR - 2016-01-19T07:03:57.295Z] Session [51130410-be50-11e5-bd8e-f992d263992f] - page.onError - stack:
  Agent (http://nv2.tveta.naver.net/libs/assets/js/min/it.min.js?20160113:1)
  initAd (http://nv2.veta.naver.com/dr?unit=002AP&nrefreshx=1:97)
  onload (http://nv2.veta.naver.com/dr?unit=002AP&nrefreshx=1:58)

  :262 in error
[INFO  - 2016-01-19T07:08:19.838Z] SessionManagerReqHand - _cleanupWindowlessSessions - Asynchronous Sessions clean-up phase starting NOW
[INFO  - 2016-01-19T07:13:19.846Z] SessionManagerReqHand - _cleanupWindowlessSessions - Asynchronous Sessions clean-up phase starting NOW
[ERROR - 2016-01-19T07:13:58.702Z] Session [51130410-be50-11e5-bd8e-f992d263992f] - page.onError - msg: TypeError: null is not an object (evaluating 'b.match(/Mac OS X ((\d+_?){2,3})/i)[1]')

  :262 in error
[ERROR - 2016-01-19T07:13:58.702Z] Session [51130410-be50-11e5-bd8e-f992d263992f] - page.onError - stack:
  Agent (http://nv2.tveta.naver.net/libs/assets/js/min/it.min.js?20160113:1)
  initAd (http://nv2.veta.naver.com/dr?unit=002AP&nrefreshx=1:101)
  onload (http://nv2.veta.naver.com/dr?unit=002AP&nrefreshx=1:55)

  :262 in error
[ERROR - 2016-01-19T07:13:58.726Z] Session [51130410-be50-11e5-bd8e-f992d263992f] - page.onError - msg: TypeError: null is not an object (evaluating 'b.match(/Mac OS X ((\d+_?){2,3})/i)[1]')

  :262 in error
[ERROR - 2016-01-19T07:13:58.726Z] Session [51130410-be50-11e5-bd8e-f992d263992f] - page.onError - stack:
  Agent (http://nv1.tveta.naver.net/libs/assets/js/min/it.min.js?20160113:1)
  initAd (http://nv1.veta.naver.com/dr?unit=002AN&nrefreshx=1:84)
  onload (http://nv1.veta.naver.com/dr?unit=002AN&nrefreshx=1:59)

  :262 in error
[INFO  - 2016-01-19T07:18:19.855Z] SessionManagerReqHand - _cleanupWindowlessSessions - Asynchronous Sessions clean-up phase starting NOW
[INFO  - 2016-01-19T07:23:19.866Z] SessionManagerReqHand - _cleanupWindowlessSessions - Asynchronous Sessions clean-up phase starting NOW
[ERROR - 2016-01-19T07:24:00.006Z] Session [51130410-be50-11e5-bd8e-f992d263992f] - page.onError - msg: TypeError: null is not an object (evaluating 'b.match(/Mac OS X ((\d+_?){2,3})/i)[1]')

  :262 in error
[ERROR - 2016-01-19T07:24:00.007Z] Session [51130410-be50-11e5-bd8e-f992d263992f] - page.onError - stack:
  Agent (http://nv1.tveta.naver.net/libs/assets/js/min/it.min.js?20160113:1)
  initAd (http://nv1.veta.naver.com/dr?unit=002AN&nrefreshx=1:84)
  onload (http://nv1.veta.naver.com/dr?unit=002AN&nrefreshx=1:59)

  :262 in error
[INFO  - 2016-01-19T07:28:19.875Z] SessionManagerReqHand - _cleanupWindowlessSessions - Asynchronous Sessions clean-up phase starting NOW
[INFO  - 2016-01-19T07:33:19.883Z] SessionManagerReqHand - _cleanupWindowlessSessions - Asynchronous Sessions clean-up phase starting NOW
[ERROR - 2016-01-19T07:34:01.316Z] Session [51130410-be50-11e5-bd8e-f992d263992f] - page.onError - msg: TypeError: null is not an object (evaluating 'b.match(/Mac OS X ((\d+_?){2,3})/i)[1]')

  :262 in error
[ERROR - 2016-01-19T07:34:01.316Z] Session [51130410-be50-11e5-bd8e-f992d263992f] - page.onError - stack:
  Agent (http://nv1.tveta.naver.net/libs/assets/js/min/it.min.js?20160113:1)
  initAd (http://nv1.veta.naver.com/dr?unit=002AN&nrefreshx=1:84)
  onload (http://nv1.veta.naver.com/dr?unit=002AN&nrefreshx=1:59)

  :262 in error
[INFO  - 2016-01-19T07:38:19.895Z] SessionManagerReqHand - _cleanupWindowlessSessions - Asynchronous Sessions clean-up phase starting NOW
[INFO  - 2016-01-19T07:43:19.902Z] SessionManagerReqHand - _cleanupWindowlessSessions - Asynchronous Sessions clean-up phase starting NOW
[ERROR - 2016-01-19T07:44:02.930Z] Session [51130410-be50-11e5-bd8e-f992d263992f] - page.onError - msg: TypeError: null is not an object (evaluating 'b.match(/Mac OS X ((\d+_?){2,3})/i)[1]')

  :262 in error
[ERROR - 2016-01-19T07:44:02.931Z] Session [51130410-be50-11e5-bd8e-f992d263992f] - page.onError - stack:
  Agent (http://nv1.tveta.naver.net/libs/assets/js/min/it.min.js?20160113:1)
  initAd (http://nv1.veta.naver.com/dr?unit=002AN&nrefreshx=1:84)
  onload (http://nv1.veta.naver.com/dr?unit=002AN&nrefreshx=1:59)

  :262 in error
[ERROR - 2016-01-19T07:44:03.402Z] Session [51130410-be50-11e5-bd8e-f992d263992f] - page.onError - msg: TypeError: null is not an object (evaluating 'b.match(/Mac OS X ((\d+_?){2,3})/i)[1]')

  :262 in error
[ERROR - 2016-01-19T07:44:03.403Z] Session [51130410-be50-11e5-bd8e-f992d263992f] - page.onError - stack:
  Agent (http://nv2.tveta.naver.net/libs/assets/js/min/it.min.js?20160113:1)
  initAd (http://nv2.veta.naver.com/dr?unit=002AP&nrefreshx=1:64)
  onload (http://nv2.veta.naver.com/dr?unit=002AP&nrefreshx=1:51)

  :262 in error
[INFO  - 2016-01-19T07:48:19.911Z] SessionManagerReqHand - _cleanupWindowlessSessions - Asynchronous Sessions clean-up phase starting NOW
[INFO  - 2016-01-19T07:53:19.920Z] SessionManagerReqHand - _cleanupWindowlessSessions - Asynchronous Sessions clean-up phase starting NOW
[ERROR - 2016-01-19T07:54:04.543Z] Session [51130410-be50-11e5-bd8e-f992d263992f] - page.onError - msg: TypeError: null is not an object (evaluating 'b.match(/Mac OS X ((\d+_?){2,3})/i)[1]')

  :262 in error
[ERROR - 2016-01-19T07:54:04.544Z] Session [51130410-be50-11e5-bd8e-f992d263992f] - page.onError - stack:
  Agent (http://nv1.tveta.naver.net/libs/assets/js/min/it.min.js?20160113:1)
  initAd (http://nv1.veta.naver.com/dr?unit=002AN&nrefreshx=1:84)
  onload (http://nv1.veta.naver.com/dr?unit=002AN&nrefreshx=1:59)

  :262 in error
[ERROR - 2016-01-19T07:54:04.545Z] Session [51130410-be50-11e5-bd8e-f992d263992f] - page.onError - msg: TypeError: null is not an object (evaluating 'b.match(/Mac OS X ((\d+_?){2,3})/i)[1]')

  :262 in error
[ERROR - 2016-01-19T07:54:04.545Z] Session [51130410-be50-11e5-bd8e-f992d263992f] - page.onError - stack:
  Agent (http://nv2.tveta.naver.net/libs/assets/js/min/it.min.js?20160113:1)
  initAd (http://nv2.veta.naver.com/dr?unit=002AP&nrefreshx=1:64)
  onload (http://nv2.veta.naver.com/dr?unit=002AP&nrefreshx=1:51)

  :262 in error
[INFO  - 2016-01-19T07:58:19.930Z] SessionManagerReqHand - _cleanupWindowlessSessions - Asynchronous Sessions clean-up phase starting NOW
[INFO  - 2016-01-19T08:03:19.939Z] SessionManagerReqHand - _cleanupWindowlessSessions - Asynchronous Sessions clean-up phase starting NOW
[ERROR - 2016-01-19T08:04:05.848Z] Session [51130410-be50-11e5-bd8e-f992d263992f] - page.onError - msg: TypeError: null is not an object (evaluating 'b.match(/Mac OS X ((\d+_?){2,3})/i)[1]')

  :262 in error
[ERROR - 2016-01-19T08:04:05.849Z] Session [51130410-be50-11e5-bd8e-f992d263992f] - page.onError - stack:
  Agent (http://nv1.tveta.naver.net/libs/assets/js/min/it.min.js?20160113:1)
  initAd (http://nv1.veta.naver.com/dr?unit=002AN&nrefreshx=1:84)
  onload (http://nv1.veta.naver.com/dr?unit=002AN&nrefreshx=1:59)

  :262 in error
[ERROR - 2016-01-19T08:04:06.034Z] Session [51130410-be50-11e5-bd8e-f992d263992f] - page.onError - msg: TypeError: null is not an object (evaluating 'b.match(/Mac OS X ((\d+_?){2,3})/i)[1]')

  :262 in error
[ERROR - 2016-01-19T08:04:06.034Z] Session [51130410-be50-11e5-bd8e-f992d263992f] - page.onError - stack:
  Agent (http://nv2.tveta.naver.net/libs/assets/js/min/it.min.js?20160113:1)
  initAd (http://nv2.veta.naver.com/dr?unit=002AP&nrefreshx=1:97)
  onload (http://nv2.veta.naver.com/dr?unit=002AP&nrefreshx=1:58)

  :262 in error
[INFO  - 2016-01-19T08:08:19.947Z] SessionManagerReqHand - _cleanupWindowlessSessions - Asynchronous Sessions clean-up phase starting NOW
[INFO  - 2016-01-19T08:13:19.966Z] SessionManagerReqHand - _cleanupWindowlessSessions - Asynchronous Sessions clean-up phase starting NOW
[ERROR - 2016-01-19T08:14:07.317Z] Session [51130410-be50-11e5-bd8e-f992d263992f] - page.onError - msg: TypeError: null is not an object (evaluating 'b.match(/Mac OS X ((\d+_?){2,3})/i)[1]')

  :262 in error
[ERROR - 2016-01-19T08:14:07.318Z] Session [51130410-be50-11e5-bd8e-f992d263992f] - page.onError - stack:
  Agent (http://nv1.tveta.naver.net/libs/assets/js/min/it.min.js?20160113:1)
  initAd (http://nv1.veta.naver.com/dr?unit=002AN&nrefreshx=1:84)
  onload (http://nv1.veta.naver.com/dr?unit=002AN&nrefreshx=1:59)

  :262 in error
[INFO  - 2016-01-19T08:18:19.978Z] SessionManagerReqHand - _cleanupWindowlessSessions - Asynchronous Sessions clean-up phase starting NOW
[INFO  - 2016-01-19T08:23:19.987Z] SessionManagerReqHand - _cleanupWindowlessSessions - Asynchronous Sessions clean-up phase starting NOW
[ERROR - 2016-01-19T08:24:08.711Z] Session [51130410-be50-11e5-bd8e-f992d263992f] - page.onError - msg: TypeError: null is not an object (evaluating 'b.match(/Mac OS X ((\d+_?){2,3})/i)[1]')

  :262 in error
[ERROR - 2016-01-19T08:24:08.712Z] Session [51130410-be50-11e5-bd8e-f992d263992f] - page.onError - stack:
  Agent (http://nv1.tveta.naver.net/libs/assets/js/min/it.min.js?20160113:1)
  initAd (http://nv1.veta.naver.com/dr?unit=002AN&nrefreshx=1:84)
  onload (http://nv1.veta.naver.com/dr?unit=002AN&nrefreshx=1:59)

  :262 in error
[INFO  - 2016-01-19T08:28:19.999Z] SessionManagerReqHand - _cleanupWindowlessSessions - Asynchronous Sessions clean-up phase starting NOW
[INFO  - 2016-01-19T08:33:20.006Z] SessionManagerReqHand - _cleanupWindowlessSessions - Asynchronous Sessions clean-up phase starting NOW
[ERROR - 2016-01-19T08:34:10.012Z] Session [51130410-be50-11e5-bd8e-f992d263992f] - page.onError - msg: TypeError: null is not an object (evaluating 'b.match(/Mac OS X ((\d+_?){2,3})/i)[1]')

  :262 in error
[ERROR - 2016-01-19T08:34:10.013Z] Session [51130410-be50-11e5-bd8e-f992d263992f] - page.onError - stack:
  Agent (http://nv1.tveta.naver.net/libs/assets/js/min/it.min.js?20160113:1)
  initAd (http://nv1.veta.naver.com/dr?unit=002AN&nrefreshx=1:84)
  onload (http://nv1.veta.naver.com/dr?unit=002AN&nrefreshx=1:59)

  :262 in error
[ERROR - 2016-01-19T08:34:10.014Z] Session [51130410-be50-11e5-bd8e-f992d263992f] - page.onError - msg: TypeError: null is not an object (evaluating 'b.match(/Mac OS X ((\d+_?){2,3})/i)[1]')

  :262 in error
[ERROR - 2016-01-19T08:34:10.014Z] Session [51130410-be50-11e5-bd8e-f992d263992f] - page.onError - stack:
  Agent (http://nv2.tveta.naver.net/libs/assets/js/min/it.min.js?20160113:1)
  initAd (http://nv2.veta.naver.com/dr?unit=002AP&nrefreshx=1:64)
  onload (http://nv2.veta.naver.com/dr?unit=002AP&nrefreshx=1:51)

  :262 in error
[INFO  - 2016-01-19T08:38:20.017Z] SessionManagerReqHand - _cleanupWindowlessSessions - Asynchronous Sessions clean-up phase starting NOW
[INFO  - 2016-01-19T08:43:20.026Z] SessionManagerReqHand - _cleanupWindowlessSessions - Asynchronous Sessions clean-up phase starting NOW
[ERROR - 2016-01-19T08:44:11.420Z] Session [51130410-be50-11e5-bd8e-f992d263992f] - page.onError - msg: TypeError: null is not an object (evaluating 'b.match(/Mac OS X ((\d+_?){2,3})/i)[1]')

  :262 in error
[ERROR - 2016-01-19T08:44:11.421Z] Session [51130410-be50-11e5-bd8e-f992d263992f] - page.onError - stack:
  Agent (http://nv1.tveta.naver.net/libs/assets/js/min/it.min.js?20160113:1)
  initAd (http://nv1.veta.naver.com/dr?unit=002AN&nrefreshx=1:84)
  onload (http://nv1.veta.naver.com/dr?unit=002AN&nrefreshx=1:59)

  :262 in error
[ERROR - 2016-01-19T08:44:11.422Z] Session [51130410-be50-11e5-bd8e-f992d263992f] - page.onError - msg: TypeError: null is not an object (evaluating 'b.match(/Mac OS X ((\d+_?){2,3})/i)[1]')

  :262 in error
[ERROR - 2016-01-19T08:44:11.422Z] Session [51130410-be50-11e5-bd8e-f992d263992f] - page.onError - stack:
  Agent (http://nv2.tveta.naver.net/libs/assets/js/min/it.min.js?20160113:1)
  initAd (http://nv2.veta.naver.com/dr?unit=002AP&nrefreshx=1:64)
  onload (http://nv2.veta.naver.com/dr?unit=002AP&nrefreshx=1:51)

  :262 in error
[INFO  - 2016-01-19T08:48:20.036Z] SessionManagerReqHand - _cleanupWindowlessSessions - Asynchronous Sessions clean-up phase starting NOW
[INFO  - 2016-01-19T08:53:20.046Z] SessionManagerReqHand - _cleanupWindowlessSessions - Asynchronous Sessions clean-up phase starting NOW
[ERROR - 2016-01-19T08:54:12.567Z] Session [51130410-be50-11e5-bd8e-f992d263992f] - page.onError - msg: TypeError: null is not an object (evaluating 'b.match(/Mac OS X ((\d+_?){2,3})/i)[1]')

  :262 in error
[ERROR - 2016-01-19T08:54:12.568Z] Session [51130410-be50-11e5-bd8e-f992d263992f] - page.onError - stack:
  Agent (http://nv1.tveta.naver.net/libs/assets/js/min/it.min.js?20160113:1)
  initAd (http://nv1.veta.naver.com/dr?unit=002AN&nrefreshx=1:84)
  onload (http://nv1.veta.naver.com/dr?unit=002AN&nrefreshx=1:59)

  :262 in error
[ERROR - 2016-01-19T08:54:12.569Z] Session [51130410-be50-11e5-bd8e-f992d263992f] - page.onError - msg: TypeError: null is not an object (evaluating 'b.match(/Mac OS X ((\d+_?){2,3})/i)[1]')

  :262 in error
[ERROR - 2016-01-19T08:54:12.570Z] Session [51130410-be50-11e5-bd8e-f992d263992f] - page.onError - stack:
  Agent (http://nv2.tveta.naver.net/libs/assets/js/min/it.min.js?20160113:1)
  initAd (http://nv2.veta.naver.com/dr?unit=002AP&nrefreshx=1:64)
  onload (http://nv2.veta.naver.com/dr?unit=002AP&nrefreshx=1:51)

  :262 in error
[INFO  - 2016-01-19T08:58:20.057Z] SessionManagerReqHand - _cleanupWindowlessSessions - Asynchronous Sessions clean-up phase starting NOW
[INFO  - 2016-01-19T09:03:20.068Z] SessionManagerReqHand - _cleanupWindowlessSessions - Asynchronous Sessions clean-up phase starting NOW
[ERROR - 2016-01-19T09:04:13.696Z] Session [51130410-be50-11e5-bd8e-f992d263992f] - page.onError - msg: TypeError: null is not an object (evaluating 'b.match(/Mac OS X ((\d+_?){2,3})/i)[1]')

  :262 in error
[ERROR - 2016-01-19T09:04:13.696Z] Session [51130410-be50-11e5-bd8e-f992d263992f] - page.onError - stack:
  Agent (http://nv2.tveta.naver.net/libs/assets/js/min/it.min.js?20160113:1)
  initAd (http://nv2.veta.naver.com/dr?unit=002AP&nrefreshx=1:127)
  onload (http://nv2.veta.naver.com/dr?unit=002AP&nrefreshx=1:72)

  :262 in error
[INFO  - 2016-01-19T09:08:20.082Z] SessionManagerReqHand - _cleanupWindowlessSessions - Asynchronous Sessions clean-up phase starting NOW
[INFO  - 2016-01-19T09:13:20.095Z] SessionManagerReqHand - _cleanupWindowlessSessions - Asynchronous Sessions clean-up phase starting NOW
[INFO  - 2016-01-19T09:18:20.110Z] SessionManagerReqHand - _cleanupWindowlessSessions - Asynchronous Sessions clean-up phase starting NOW
[INFO  - 2016-01-19T09:27:55.428Z] SessionManagerReqHand - _cleanupWindowlessSessions - Asynchronous Sessions clean-up phase starting NOW
[ERROR - 2016-01-19T09:28:51.672Z] Session [51130410-be50-11e5-bd8e-f992d263992f] - page.onError - msg: TypeError: null is not an object (evaluating 'b.match(/Mac OS X ((\d+_?){2,3})/i)[1]')

  :262 in error
[ERROR - 2016-01-19T09:28:51.673Z] Session [51130410-be50-11e5-bd8e-f992d263992f] - page.onError - stack:
  Agent (http://nv2.tveta.naver.net/libs/assets/js/min/it.min.js?20160113:1)
  initAd (http://nv2.veta.naver.com/dr?unit=002AP&nrefreshx=1:64)
  onload (http://nv2.veta.naver.com/dr?unit=002AP&nrefreshx=1:51)

  :262 in error
[INFO  - 2016-01-19T09:32:56.429Z] SessionManagerReqHand - _cleanupWindowlessSessions - Asynchronous Sessions clean-up phase starting NOW
[INFO  - 2016-01-19T09:49:03.527Z] SessionManagerReqHand - _cleanupWindowlessSessions - Asynchronous Sessions clean-up phase starting NOW
[ERROR - 2016-01-19T09:50:01.116Z] Session [51130410-be50-11e5-bd8e-f992d263992f] - page.onError - msg: TypeError: null is not an object (evaluating 'b.match(/Mac OS X ((\d+_?){2,3})/i)[1]')

  :262 in error
[ERROR - 2016-01-19T09:50:01.118Z] Session [51130410-be50-11e5-bd8e-f992d263992f] - page.onError - stack:
  Agent (http://nv2.tveta.naver.net/libs/assets/js/min/it.min.js?20160113:1)
  initAd (http://nv2.veta.naver.com/dr?unit=002AP&nrefreshx=1:101)
  onload (http://nv2.veta.naver.com/dr?unit=002AP&nrefreshx=1:55)

  :262 in error
[INFO  - 2016-01-19T09:54:03.751Z] SessionManagerReqHand - _cleanupWindowlessSessions - Asynchronous Sessions clean-up phase starting NOW
[INFO  - 2016-01-19T09:59:03.764Z] SessionManagerReqHand - _cleanupWindowlessSessions - Asynchronous Sessions clean-up phase starting NOW
[ERROR - 2016-01-19T10:00:02.834Z] Session [51130410-be50-11e5-bd8e-f992d263992f] - page.onError - msg: TypeError: null is not an object (evaluating 'b.match(/Mac OS X ((\d+_?){2,3})/i)[1]')

  :262 in error
[ERROR - 2016-01-19T10:00:02.835Z] Session [51130410-be50-11e5-bd8e-f992d263992f] - page.onError - stack:
  Agent (http://nv1.tveta.naver.net/libs/assets/js/min/it.min.js?20160113:1)
  initAd (http:[INFO  - 2016-01-19T10:03:49.212Z] SessionManagerReqHand - _cleanupWindowlessSessions - Asynchronous Sessions clean-up phase starting NOW
[ERROR - 2016-01-19T10:04:54.174Z] Session [fb1819f0-be50-11e5-8fcb-75a1cdf0f0f6] - page.onError - msg: TypeError: null is not an object (evaluating 'b.match(/Mac OS X ((\d+_?){2,3})/i)[1]')

  :262 in error
[ERROR - 2016-01-19T10:04:54.175Z] Session [fb1819f0-be50-11e5-8fcb-75a1cdf0f0f6] - page.onError - stack:
  Agent (http://nv1.tveta.naver.net/libs/assets/js/min/it.min.js?20160113:1)
  initAd (http://nv1.veta.naver.com/dr?unit=002AN&nrefreshx=1:84)
  onload (http://nv1.veta.naver.com/dr?unit=002AN&nrefreshx=1:59)

  :262 in error
[ERROR - 2016-01-19T10:04:54.176Z] Session [fb1819f0-be50-11e5-8fcb-75a1cdf0f0f6] - page.onError - msg: TypeError: null is not an obje[INFO  - 2016-01-19T10:09:03.800Z] SessionManagerReqHand - _cleanupWindowlessSessions - Asynchronous Sessions clean-up phase starting NOW
[ERROR - 2016-01-19T10:10:05.275Z] Session [51130410-be50-11e5-bd8e-f992d263992f] - page.onError - msg: TypeError: null is not an object (evaluating 'b.match(/Mac OS X ((\d+_?){2,3})/i)[1]')

  :262 in error
[ERROR - 2016-01-19T10:10:05.276Z] Session [51130410-be50-11e5-bd8e-f992d263992f] - page.onError - stack:
  Agent (http://nv1.tveta.naver.net/libs/assets/js/min/it.min.js?20160113:1)
  initAd (http:[INFO  - 2016-01-19T10:13:49.232Z] SessionManagerReqHand - _cleanupWindowlessSessions - Asynchronous Sessions clean-up phase starting NOW
[ERROR - 2016-01-19T10:14:55.531Z] Session [fb1819f0-be50-11e5-8fcb-75a1cdf0f0f6] - page.onError - msg: TypeError: null is not an object (evaluating 'b.match(/Mac OS X ((\d+_?){2,3})/i)[1]')

  :262 in error
[ERROR - 2016-01-19T10:14:55.532Z] Session [fb1819f0-be50-11e5-8fcb-75a1cdf0f0f6] - page.onError - stack:
  Agent (http://nv1.tveta.naver.net/libs/assets/js/min/it.min.js?20160113:1)
  initAd (http://nv1.veta.naver.com/dr?unit=002AN&nrefreshx=1:84)
  onload (http://nv1.veta.naver.com/dr?unit=002AN&nrefreshx=1:59)

  :262 in error
[ERROR - 2016-01-19T10:14:55.533Z] Session [fb1819f0-be50-11e5-8fcb-75a1cdf0f0f6] - page.onError - msg: TypeError: null is not an obje[INFO  - 2016-01-19T10:19:03.816Z] SessionManagerReqHand - _cleanupWindowlessSessions - Asynchronous Sessions clean-up phase starting NOW
[ERROR - 2016-01-19T10:20:06.092Z] Session [51130410-be50-11e5-bd8e-f992d263992f] - page.onError - msg: TypeError: null is not an object (evaluating 'b.match(/Mac OS X ((\d+_?){2,3})/i)[1]')

  :262 in error
[ERROR - 2016-01-19T10:20:06.092Z] Session [51130410-be50-11e5-bd8e-f992d263992f] - page.onError - stack:
  Agent (http://nv1.tveta.naver.net/libs/assets/js/min/it.min.js?20160113:1)
  initAd (http:[INFO  - 2016-01-19T10:23:49.245Z] SessionManagerReqHand - _cleanupWindowlessSessions - Asynchronous Sessions clean-up phase starting NOW
[ERROR - 2016-01-19T10:29:05.524Z] Session [fb1819f0-be50-11e5-8fcb-75a1cdf0f0f6] - page.onError - msg: TypeError: null is not an object (evaluating 'b.match(/Mac OS X ((\d+_?){2,3})/i)[1]')

  :262 in error
[ERROR - 2016-01-19T10:29:05.524Z] Session [fb1819f0-be50-11e5-8fcb-75a1cdf0f0f6] - page.onError - stack:
  Agent (http://nv1.tveta.naver.net/libs/assets/js/min/it.min.js?20160113:1)
  initAd (http://nv1.veta.naver.com/dr?unit=002AN&nrefreshx=1:84)
  onload (http://nv1.veta.naver.com/dr?unit=002AN&nrefreshx=1:59)

  :262 in error
[ERROR - 2016-01-19T10:29:05.526Z] Session [fb1819f0-be50-11e5-8fcb-75a1cdf0f0f6] - page.onError - msg: TypeError: null is not an obje[INFO  - 2016-01-19T10:35:03.415Z] SessionManagerReqHand - _cleanupWindowlessSessions - Asynchronous Sessions clean-up phase starting NOW
[ERROR - 2016-01-19T10:36:08.879Z] Session [51130410-be50-11e5-bd8e-f992d263992f] - page.onError - msg: TypeError: null is not an object (evaluating 'b.match(/Mac OS X ((\d+_?){2,3})/i)[1]')

  :262 in error
[ERROR - 2016-01-19T10:36:08.879Z] Session [51130410-be50-11e5-bd8e-f992d263992f] - page.onError - stack:
  Agent (http://nv2.tveta.naver.net/libs/assets/js/min/it.min.js?20160113:1)
  initAd (http:[INFO  - 2016-01-19T10:39:48.841Z] SessionManagerReqHand - _cleanupWindowlessSessions - Asynchronous Sessions clean-up phase starting NOW
[ERROR - 2016-01-19T10:40:57.438Z] Session [fb1819f0-be50-11e5-8fcb-75a1cdf0f0f6] - page.onError - msg: TypeError: null is not an object (evaluating 'b.match(/Mac OS X ((\d+_?){2,3})/i)[1]')

  :262 in error
[ERROR - 2016-01-19T10:40:57.438Z] Session [fb1819f0-be50-11e5-8fcb-75a1cdf0f0f6] - page.onError - stack:
  Agent (http://nv1.tveta.naver.net/libs/assets/js/min/it.min.js?20160113:1)
  initAd (http://nv1.veta.naver.com/dr?unit=002AN&nrefreshx=1:84)
  onload (http://nv1.veta.naver.com/dr?unit=002AN&nrefreshx=1:59)

  :262 in error
[ERROR - 2016-01-19T10:40:57.438Z] Session [fb1819f0-be50-11e5-8fcb-75a1cdf0f0f6] - page.onError - msg: TypeError: null is not an objec[INFO  - 2016-01-19T10:45:32.130Z] SessionManagerReqHand - _cleanupWindowlessSessions - Asynchronous Sessions clean-up phase starting NOW
[ERROR - 2016-01-19T10:46:38.883Z] Session [51130410-be50-11e5-bd8e-f992d263992f] - page.onError - msg: TypeError: null is not an object (evaluating 'b.match(/Mac OS X ((\d+_?){2,3})/i)[1]')

  :262 in error
[ERROR - 2016-01-19T10:46:38.883Z] Session [51130410-be50-11e5-bd8e-f992d263992f] - page.onError - stack:
  Agent (http://nv1.tveta.naver.net/libs/assets/js/min/it.min.js?20160113:1)
  initAd (http[INFO  - 2016-01-19T10:50:17.556Z] SessionManagerReqHand - _cleanupWindowlessSessions - Asynchronous Sessions clean-up phase starting NOW
[ERROR - 2016-01-19T10:51:27.365Z] Session [fb1819f0-be50-11e5-8fcb-75a1cdf0f0f6] - page.onError - msg: TypeError: null is not an object (evaluating 'b.match(/Mac OS X ((\d+_?){2,3})/i)[1]')

  :262 in error
[ERROR - 2016-01-19T10:51:27.367Z] Session [fb1819f0-be50-11e5-8fcb-75a1cdf0f0f6] - page.onError - stack:
  Agent (http://nv1.tveta.naver.net/libs/assets/js/min/it.min.js?20160113:1)
  initAd (http://nv1.veta.naver.com/dr?unit=002AN&nrefreshx=1:84)
  onload (http://nv1.veta.naver.com/dr?unit=002AN&nrefreshx=1:59)

  :262 in error
[ERROR - 2016-01-19T10:51:27.367Z] Session [fb1819f0-be50-11e5-8fcb-75a1cdf0f0f6] - page.onError - msg: TypeError: null is not an objec[INFO  - 2016-01-19T10:55:32.145Z] SessionManagerReqHand - _cleanupWindowlessSessions - Asynchronous Sessions clean-up phase starting NOW
[ERROR - 2016-01-19T10:56:40.061Z] Session [51130410-be50-11e5-bd8e-f992d263992f] - page.onError - msg: TypeError: null is not an object (evaluating 'b.match(/Mac OS X ((\d+_?){2,3})/i)[1]')

  :262 in error
[ERROR - 2016-01-19T10:56:40.063Z] Session [51130410-be50-11e5-bd8e-f992d263992f] - page.onError - stack:
  Agent (http://nv1.tveta.naver.net/libs/assets/js/min/it.min.js?20160113:1)
  initAd (http[INFO  - 2016-01-19T11:00:17.572Z] SessionManagerReqHand - _cleanupWindowlessSessions - Asynchronous Sessions clean-up phase starting NOW
[ERROR - 2016-01-19T11:01:28.518Z] Session [fb1819f0-be50-11e5-8fcb-75a1cdf0f0f6] - page.onError - msg: TypeError: null is not an object (evaluating 'b.match(/Mac OS X ((\d+_?){2,3})/i)[1]')

  :262 in error
[ERROR - 2016-01-19T11:01:28.519Z] Session [fb1819f0-be50-11e5-8fcb-75a1cdf0f0f6] - page.onError - stack:
  Agent (http://nv1.tveta.naver.net/libs/assets/js/min/it.min.js?20160113:1)
  initAd (http://nv1.veta.naver.com/dr?unit=002AN&nrefreshx=1:84)
  onload (http://nv1.veta.naver.com/dr?unit=002AN&nrefreshx=1:59)

  :262 in error
[ERROR - 2016-01-19T11:01:28.520Z] Session [fb1819f0-be50-11e5-8fcb-75a1cdf0f0f6] - page.onError - msg: TypeError: null is not an objec[INFO  - 2016-01-19T11:05:32.161Z] SessionManagerReqHand - _cleanupWindowlessSessions - Asynchronous Sessions clean-up phase starting NOW
[ERROR - 2016-01-19T11:06:41.240Z] Session [51130410-be50-11e5-bd8e-f992d263992f] - page.onError - msg: TypeError: null is not an object (evaluating 'b.match(/Mac OS X ((\d+_?){2,3})/i)[1]')

  :262 in error
[ERROR - 2016-01-19T11:06:41.240Z] Session [51130410-be50-11e5-bd8e-f992d263992f] - page.onError - stack:
  Agent (http://nv1.tveta.naver.net/libs/assets/js/min/it.min.js?20160113:1)
  initAd (http[INFO  - 2016-01-19T11:10:17.591Z] SessionManagerReqHand - _cleanupWindowlessSessions - Asynchronous Sessions clean-up phase starting NOW
[ERROR - 2016-01-19T11:11:29.985Z] Session [fb1819f0-be50-11e5-8fcb-75a1cdf0f0f6] - page.onError - msg: TypeError: null is not an object (evaluating 'b.match(/Mac OS X ((\d+_?){2,3})/i)[1]')

  :262 in error
[ERROR - 2016-01-19T11:11:29.986Z] Session [fb1819f0-be50-11e5-8fcb-75a1cdf0f0f6] - page.onError - stack:
  Agent (http://nv1.tveta.naver.net/libs/assets/js/min/it.min.js?20160113:1)
  initAd (http://nv1.veta.naver.com/dr?unit=002AN&nrefreshx=1:84)
  onload (http://nv1.veta.naver.com/dr?unit=002AN&nrefreshx=1:59)

  :262 in error
[ERROR - 2016-01-19T11:11:29.987Z] Session [fb1819f0-be50-11e5-8fcb-75a1cdf0f0f6] - page.onError - msg: TypeError: null is not an objec[INFO  - 2016-01-19T11:15:32.193Z] SessionManagerReqHand - _cleanupWindowlessSessions - Asynchronous Sessions clean-up phase starting NOW
[ERROR - 2016-01-19T11:16:42.497Z] Session [51130410-be50-11e5-bd8e-f992d263992f] - page.onError - msg: TypeError: null is not an object (evaluating 'b.match(/Mac OS X ((\d+_?){2,3})/i)[1]')

  :262 in error
[ERROR - 2016-01-19T11:16:42.498Z] Session [51130410-be50-11e5-bd8e-f992d263992f] - page.onError - stack:
  Agent (http://nv1.tveta.naver.net/libs/assets/js/min/it.min.js?20160113:1)
  initAd (http[INFO  - 2016-01-19T11:20:17.607Z] SessionManagerReqHand - _cleanupWindowlessSessions - Asynchronous Sessions clean-up phase starting NOW
[ERROR - 2016-01-19T11:21:31.193Z] Session [fb1819f0-be50-11e5-8fcb-75a1cdf0f0f6] - page.onError - msg: TypeError: null is not an object (evaluating 'b.match(/Mac OS X ((\d+_?){2,3})/i)[1]')

  :262 in error
[ERROR - 2016-01-19T11:21:31.195Z] Session [fb1819f0-be50-11e5-8fcb-75a1cdf0f0f6] - page.onError - stack:
  Agent (http://nv1.tveta.naver.net/libs/assets/js/min/it.min.js?20160113:1)
  initAd (http://nv1.veta.naver.com/dr?unit=002AN&nrefreshx=1:84)
  onload (http://nv1.veta.naver.com/dr?unit=002AN&nrefreshx=1:59)

  :262 in error
[ERROR - 2016-01-19T11:21:31.196Z] Session [fb1819f0-be50-11e5-8fcb-75a1cdf0f0f6] - page.onError - msg: TypeError: null is not an objec[INFO  - 2016-01-19T12:49:24.719Z] SessionManagerReqHand - _cleanupWindowlessSessions - Asynchronous Sessions clean-up phase starting NOW
[ERROR - 2016-01-19T12:50:36.526Z] Session [51130410-be50-11e5-bd8e-f992d263992f] - page.onError - msg: TypeError: null is not an object (evaluating 'b.match(/Mac OS X ((\d+_?){2,3})/i)[1]')

  :262 in error
[ERROR - 2016-01-19T12:50:36.527Z] Session [51130410-be50-11e5-bd8e-f992d263992f] - page.onError - stack:
  Agent (http://nv2.tveta.naver.net/libs/assets/js/min/it.min.js?20160113:1)
  initAd (http[INFO  - 2016-01-19T12:54:10.134Z] SessionManagerReqHand - _cleanupWindowlessSessions - Asynchronous Sessions clean-up phase starting N[IN[ERROR - 2016-01-19T12:55:24.849Z] Session [fb1819f0-be50-11e5-8fcb-75a1cdf0f0f6] - page.onError - msg: TypeError: null is not an objec[INFO  - 2016-01-19T12:59:24.739Z] SessionManagerReqHand - _cleanupWindowlessSessions - Asynchronous Sessions clean-up phase starting NOW
[ERROR - 2016-01-19T13:00:37.903Z] Session [51130410-be50-11e5-bd8e-f992d263992f] - page.onError - msg: TypeError: null is not an object (evaluating 'b.match(/Mac OS X ((\d+_?){2,3})/i)[1]')

  :262 in error
[ERROR - 2016-01-19T13:00:37.904Z] Session [51130410-be50-11e5-bd8e-f992d263992f] - page.onError - stack:
  Agent (http://nv1.tveta.naver.net/libs/assets/js/min/it.min.js?20160113:1)
  initAd (http:[INFO  - 2016-01-19T13:04:10.151Z] SessionManagerReqHand - _cleanupWindowlessSessions - Asynchronous Sessions clean-up phase starting NOW
[ERROR - 2016-01-19T13:05:26.834Z] Session [fb1819f0-be50-11e5-8fcb-75a1cdf0f0f6] - page.onError - msg: TypeError: null is not an object (evaluating 'b.match(/Mac OS X ((\d+_?){2,3})/i)[1]')

  :262 in error
[ERROR - 2016-01-19T13:05:26.836Z] Session [fb1819f0-be50-11e5-8fcb-75a1cdf0f0f6] - page.onError - stack:
  Agent (http://nv1.tveta.naver.net/libs/assets/js/min/it.min.js?20160113:1)
  initAd (http://nv1.veta.naver.com/dr?unit=002AN&nrefreshx=1:84)
  onload (http://nv1.veta.naver.com/dr?unit=002AN&nrefreshx=1:59)

  :262 in error
[ERROR - 2016-01-19T13:05:26.839Z] Session [fb1819f0-be50-11e5-8fcb-75a1cdf0f0f6] - page.onError - msg: TypeError: null is not an obje[INFO  - 2016-01-19T13:09:24.757Z] SessionManagerReqHand - _cleanupWindowlessSessions - Asynchronous Sessions clean-up phase starting NOW
[ERROR - 2016-01-19T13:10:39.092Z] Session [51130410-be50-11e5-bd8e-f992d263992f] - page.onError - msg: TypeError: null is not an object (evaluating 'b.match(/Mac OS X ((\d+_?){2,3})/i)[1]')

  :262 in error
[ERROR - 2016-01-19T13:10:39.092Z] Session [51130410-be50-11e5-bd8e-f992d263992f] - page.onError - stack:
  Agent (http://nv1.tveta.naver.net/libs/assets/js/min/it.min.js?20160113:1)
  initAd (http:[INFO  - 2016-01-19T13:14:10.167Z] SessionManagerReqHand - _cleanupWindowlessSessions - Asynchronous Sessions clean-up phase starting NOW
[ERROR - 2016-01-19T13:15:28.064Z] Session [fb1819f0-be50-11e5-8fcb-75a1cdf0f0f6] - page.onError - msg: TypeError: null is not an object (evaluating 'b.match(/Mac OS X ((\d+_?){2,3})/i)[1]')

  :262 in error
[ERROR - 2016-01-19T13:15:28.064Z] Session [fb1819f0-be50-11e5-8fcb-75a1cdf0f0f6] - page.onError - stack:
  Agent (http://nv2.tveta.naver.net/libs/assets/js/min/it.min.js?20160113:1)
  initAd (http://nv2.veta.naver.com/dr?unit=002AP&nrefreshx=1:127)
  onload (http://nv2.veta.naver.com/dr?unit=002AP&nrefreshx=1:72)

  :262 in error
[ERROR - 2016-01-19T13:15:28.092Z] Session [fb1819f0-be50-11e5-8fcb-75a1cdf0f0f6] - page.onError - msg: TypeError: null is not an obj[INFO  - 2016-01-19T13:19:24.777Z] SessionManagerReqHand - _cleanupWindowlessSessions - Asynchronous Sessions clean-up phase starting NOW
[ERROR - 2016-01-19T13:20:40.534Z] Session [51130410-be50-11e5-bd8e-f992d263992f] - page.onError - msg: TypeError: null is not an object (evaluating 'b.match(/Mac OS X ((\d+_?){2,3})/i)[1]')

  :262 in error
[ERROR - 2016-01-19T13:20:40.534Z] Session [51130410-be50-11e5-bd8e-f992d263992f] - page.onError - stack:
  Agent (http://nv1.tveta.naver.net/libs/assets/js/min/it.min.js?20160113:1)
  initAd (http:/[INFO  - 2016-01-19T13:33:16.350Z] SessionManagerReqHand - _cleanupWindowlessSessions - Asynchronous Sessions clean-up phase starting NOW
[ERROR - 2016-01-19T13:34:35.531Z] Session [fb1819f0-be50-11e5-8fcb-75a1cdf0f0f6] - page.onError - msg: TypeError: null is not an object (evaluating 'b.match(/Mac OS X ((\d+_?){2,3})/i)[1]')

  :262 in error
[ERROR - 2016-01-19T13:34:35.531Z] Session [fb1819f0-be50-11e5-8fcb-75a1cdf0f0f6] - page.onError - stack:
  Agent (http://nv2.tveta.naver.net/libs/assets/js/min/it.min.js?20160113:1)
  initAd (http://nv2.veta.naver.com/dr?unit=002AP&nrefreshx=1:101)
  onload (http://nv2.veta.naver.com/dr?unit=002AP&nrefreshx=1:55)

  :262 in error
[ERROR - 2016-01-19T13:34:35.554Z] Session [fb1819f0-be50-11e5-8fcb-75a1cdf0f0f6] - page.onError - msg: TypeError: null is not an ob[INFO  - 2016-01-19T13:38:30.958Z] SessionManagerReqHand - _cleanupWindowlessSessions - Asynchronous Sessions clean-up phase starting NOW
[ERROR - 2016-01-19T13:39:47.979Z] Session [51130410-be50-11e5-bd8e-f992d263992f] - page.onError - msg: TypeError: null is not an object (evaluating 'b.match(/Mac OS X ((\d+_?){2,3})/i)[1]')

  :262 in error
[ERROR - 2016-01-19T13:39:47.979Z] Session [51130410-be50-11e5-bd8e-f992d263992f] - page.onError - stack:
  Agent (http://nv1.tveta.naver.net/libs/assets/js/min/it.min.js?20160113:1)
  initAd (http://[INFO  - 2016-01-19T13:43:16.366Z] SessionManagerReqHand - _cleanupWindowlessSessions - Asynchronous Sessions clean-up phase startin[INFO [ERROR - 2016-01-19T13:44:36.825Z] Session [fb1819f0-be50-11e5-8fcb-75a1cdf0f0f6] - page.onError - msg: TypeError: null is not an ob[INFO  - 2016-01-19T13:48:30.976Z] SessionManagerReqHand - _cleanupWindowlessSessions - Asynchronous Sessions clean-up phase starting NOW
[ERROR - 2016-01-19T13:49:49.309Z] Session [51130410-be50-11e5-bd8e-f992d263992f] - page.onError - msg: TypeError: null is not an object (evaluating 'b.match(/Mac OS X ((\d+_?){2,3})/i)[1]')

  :262 in error
[ERROR - 2016-01-19T13:49:49.309Z] Session [51130410-be50-11e5-bd8e-f992d263992f] - page.onError - stack:
  Agent (http://nv1.tveta.naver.net/libs/assets/js/min/it.min.js?20160113:1)
  initAd (http://nv1.veta.naver.com/dr?unit=002AN&nrefreshx=1:84)
  onload (http://nv1.veta.naver.com/dr?unit=002AN&nrefreshx=1:59)

  :262 in error
[ERROR - 2016-01-19T13:49:49.310Z] Session [51130410-be50-11e5-bd8e-f992d263992f] - page.onError - msg: TypeError: null is not an object (evaluating 'b.match(/Mac OS X ((\d+_?){2,3})/i)[1]')

  :262 in error
[ERROR - 2016-01-19T13:49:49.310Z] Session [51130410-be50-11e5-bd8e-f992d263992f] - page.onError - stack:
  Agent (http://nv2.tveta.naver.net/libs/assets/js/min/it.min.js?20160113:1)
  initAd (http://[INFO  - 2016-01-19T13:53:16.382Z] SessionManagerReqHand - _cleanupWindowlessSessions - Asynchronous Sessions clean-up phase startin[INFO [ERROR - 2016-01-19T13:54:38.129Z] Session [fb1819f0-be50-11e5-8fcb-75a1cdf0f0f6] - page.onError - msg: TypeError: null is not an ob[INFO  - 2016-01-19T13:58:30.993Z] SessionManagerReqHand - _cleanupWindowlessSessions - Asynchronous Sessions clean-up phase starting NOW
[ERROR - 2016-01-19T13:59:51.464Z] Session [51130410-be50-11e5-bd8e-f992d263992f] - page.onError - msg: TypeError: null is not an object (evaluating 'b.match(/Mac OS X ((\d+_?){2,3})/i)[1]')

  :262 in error
[ERROR - 2016-01-19T13:59:51.464Z] Session [51130410-be50-11e5-bd8e-f992d263992f] - page.onError - stack:
  Agent (http://nv2.tveta.naver.net/libs/assets/js/min/it.min.js?20160113:1)
  initAd (http://nv2.veta.naver.com/dr?unit=002AP&nrefreshx=1:127)
  onload (http://nv2.veta.naver.com/dr?unit=002AP&nrefreshx=1:72)

  :262 in error
[ERROR - 2016-01-19T13:59:51.480Z] Session [51130410-be50-11e5-bd8e-f992d263992f] - page.onError - msg: TypeError: null is not an object (evaluating 'b.match(/Mac OS X ((\d+_?){2,3})/i)[1]')

  :262 in error
[ERROR - 2016-01-19T13:59:51.481Z] Session [51130410-be50-11e5-bd8e-f992d263992f] - page.onError - stack:
  Agent (http://nv1.tveta.naver.net/libs/assets/js/min/it.min.js?20160113:1)
  initAd (http:/[INFO  - 2016-01-19T14:03:16.397Z] SessionManagerReqHand - _cleanupWindowlessSessions - Asynchronous Sessions clean-up phase starting[INFO[ERROR - 2016-01-19T14:04:39.577Z] Session [fb1819f0-be50-11e5-8fcb-75a1cdf0f0f6] - page.onError - msg: TypeError: null is not an obj[INFO  - 2016-01-19T22:17:30.448Z] SessionManagerReqHand - _cleanupWindowlessSessions - Asynchronous Sessions clean-up phase starting NOW
[ERROR - 2016-01-19T23:50:08.754Z] Session [51130410-be50-11e5-bd8e-f992d263992f] - page.onError - msg: TypeError: null is not an object (evaluating 'b.match(/Mac OS X ((\d+_?){2,3})/i)[1]')

  :262 in error
[ERROR - 2016-01-19T23:50:08.755Z] Session [51130410-be50-11e5-bd8e-f992d263992f] - page.onError - stack:
  Agent (http://nv1.tveta.naver.net/libs/assets/js/min/it.min.js?20160113:1)
  initAd (http://nv1.veta.naver.com/dr?unit=002AN&nrefreshx=1:84)
  onload (http://nv1.veta.naver.com/dr?unit=002AN&nrefreshx=1:59)

  :262 in error
[ERROR - 2016-01-19T23:50:08.762Z] Session [51130410-be50-11e5-bd8e-f992d263992f] - page.onError - msg: TypeError: null is not an object (evaluating 'b.match(/Mac OS X ((\d+_?){2,3})/i)[1]')

  :262 in error
[ERROR - 2016-01-19T23:50:08.762Z] Session [51130410-be50-11e5-bd8e-f992d263992f] - page.onError - stack:
  Agent (http://nv2.tveta.naver.net/libs/assets/js/min/it.min.js?20160113:1)
  initAd (http://[INFO  - 2016-01-19T23:53:31.000Z] SessionManagerReqHand - _cleanupWindowlessSessions - Asynchronous Sessions clean-up phase startin[INFO [ERROR - 2016-01-19T23:54:48.551Z] Session [fb1819f0-be50-11e5-8fcb-75a1cdf0f0f6] - page.onError - msg: TypeError: null is not an ob[INFO  - 2016-01-19T23:58:38.794Z] SessionManagerReqHand - _cleanupWindowlessSessions - Asynchronous Sessions clean-up phase starting NOW
[ERRO[ERROR - 2016-01-20T00:00:11.931Z] Session [473142e0-be50-11e5-8449-dd9e3e5c25de] - page.onError - msg: TypeError: null is not an object (evaluating 'b.match(/Mac OS X ((\d+_?){2,3})/i)[1]')

  :262 in error
[ERROR - 2016-01-20T00:00:11.931Z] Session [473142e0-be50-11e5-8449-dd9e3e5c25de] - page.onError - stack:
  Agent (http://nv1.tveta.naver.net/libs/assets/js/min/it.min.js?20160113:1)
  initAd (http://nv1.veta.naver.com/dr?unit=002AN&nrefreshx=1:84)
  onload (http://nv1.veta.naver.com/dr?unit=002AN&nrefreshx=1:59)

  :262 in error
[ERROR - 2016-01-20T00:00:11.932Z] Session [473142e0-be50-11e5-8449-dd9e3e5c25de] - page.onError - msg: TypeError: null is not an object (evaluating 'b.match(/Mac OS X ((\d+_?){2,3})/i)[1]')

  :262 in error
[ERROR - 2016-01-20T00:00:11.932Z] Session [473142e0-be50-11e5-8449-dd9e3e5c25de] - page.onError - stack:
  Agent (http://nv2.tveta.naver.net/libs/assets/js/min/it.min.js?20160113:1)
  initAd (http://nv2.veta.naver.com/dr?unit=002AP&nrefreshx=1:64)
  onload (http://nv2.veta.naver.com/dr?unit=002AP&nrefreshx=1:51)

  :262 in error
